android-app/app/proguard-rules.pro
# Add project specific ProGuard rules here.
# Keep Gson model classes
-keep class com.bscs13b.offloadhpc.model.** { *; }