android-app/app/build/outputs/mapping/release/seeds.txt
com.bscs13b.offloadhpc.model.JobResult
com.bscs13b.offloadhpc.ui.MainActivity
com.bscs13b.offloadhpc.ui.HashCrackFragment
com.bscs13b.offloadhpc.model.JobRequest
com.bscs13b.offloadhpc.ui.KMeansFragment
com.bscs13b.offloadhpc.ui.MatMulFragment
com.bscs13b.offloadhpc.model.ProgressUpdate
com.bscs13b.offloadhpc.ui.ProgressActivity
com.bscs13b.offloadhpc.ui.ImageProcFragment
com.bscs13b.offloadhpc.model.JobResult: java.lang.String jobId
com.bscs13b.offloadhpc.model.JobRequest: java.util.Map payload
com.bscs13b.offloadhpc.model.JobRequest: java.lang.String jobId
com.bscs13b.offloadhpc.model.JobResult: java.lang.String type
com.bscs13b.offloadhpc.model.ProgressUpdate: int totalSubTasks
com.bscs13b.offloadhpc.model.JobResult: java.lang.String status
com.bscs13b.offloadhpc.model.ProgressUpdate: int completedSubTasks
com.bscs13b.offloadhpc.model.JobResult: java.util.Map result
com.bscs13b.offloadhpc.model.JobRequest: java.lang.String type
com.bscs13b.offloadhpc.model.ProgressUpdate: java.lang.String jobId
com.bscs13b.offloadhpc.model.JobRequest: java.lang.String jobType
com.bscs13b.offloadhpc.model.ProgressUpdate: java.lang.String type
com.bscs13b.offloadhpc.model.JobRequest: java.lang.String getType()
com.bscs13b.offloadhpc.model.JobResult: void setResult(java.util.Map)
com.bscs13b.offloadhpc.ui.KMeansFragment: KMeansFragment()
com.bscs13b.offloadhpc.model.JobRequest: JobRequest()
com.bscs13b.offloadhpc.model.JobRequest: void setJobId(java.lang.String)
com.bscs13b.offloadhpc.model.JobResult: void setType(java.lang.String)
com.bscs13b.offloadhpc.model.JobRequest: java.lang.String getJobId()
com.bscs13b.offloadhpc.model.JobRequest: java.lang.String getJobType()
com.bscs13b.offloadhpc.ui.ImageProcFragment: ImageProcFragment()
com.bscs13b.offloadhpc.model.JobResult: void setStatus(java.lang.String)
com.bscs13b.offloadhpc.model.JobRequest: JobRequest(java.lang.String,java.lang.String,java.util.Map)
com.bscs13b.offloadhpc.ui.ProgressActivity: ProgressActivity()
com.bscs13b.offloadhpc.model.ProgressUpdate: java.lang.String getJobId()
com.bscs13b.offloadhpc.model.ProgressUpdate: void setJobId(java.lang.String)
com.bscs13b.offloadhpc.model.ProgressUpdate: void setType(java.lang.String)
com.bscs13b.offloadhpc.model.JobResult: java.util.Map getResult()
com.bscs13b.offloadhpc.model.JobResult: JobResult()
com.bscs13b.offloadhpc.model.JobResult: void setJobId(java.lang.String)
com.bscs13b.offloadhpc.model.JobRequest: void setType(java.lang.String)
com.bscs13b.offloadhpc.model.JobResult: java.lang.String getType()
com.bscs13b.offloadhpc.model.ProgressUpdate: void setCompletedSubTasks(int)
com.bscs13b.offloadhpc.model.JobRequest: void setJobType(java.lang.String)
com.bscs13b.offloadhpc.model.ProgressUpdate: java.lang.String getType()
com.bscs13b.offloadhpc.model.ProgressUpdate: void setTotalSubTasks(int)
com.bscs13b.offloadhpc.ui.HashCrackFragment: HashCrackFragment()
com.bscs13b.offloadhpc.ui.MatMulFragment: MatMulFragment()
com.bscs13b.offloadhpc.model.JobResult: java.lang.String getStatus()
com.bscs13b.offloadhpc.model.JobResult: java.lang.String getJobId()
com.bscs13b.offloadhpc.model.JobRequest: java.util.Map getPayload()
com.bscs13b.offloadhpc.ui.MainActivity: MainActivity()
com.bscs13b.offloadhpc.model.ProgressUpdate: int getCompletedSubTasks()
com.bscs13b.offloadhpc.model.JobRequest: void setPayload(java.util.Map)
com.bscs13b.offloadhpc.model.ProgressUpdate: ProgressUpdate()
com.bscs13b.offloadhpc.model.ProgressUpdate: int getTotalSubTasks()
...
com.google.android.material.textfield.TextInputLayout: void setHelperText(java.lang.CharSequence)
com.google.android.material.textfield.TextInputLayout: int getMaxWidth()
com.google.android.material.snackbar.SnackbarContentLayout: void setMaxInlineActionWidth(int)
androidx.recyclerview.widget.RecyclerView: androidx.recyclerview.widget.RecyclerViewAccessibilityDelegate getCompatAccessibilityDelegate()
com.google.android.material.chip.Chip: void setChipBackgroundColor(android.content.res.ColorStateList)
androidx.core.view.ViewCompat$Api21Impl: float getTranslationZ(android.view.View)
androidx.appcompat.widget.AppCompatSpinner: void setPrompt(java.lang.CharSequence)
com.google.android.gms.measurement.AppMeasurement: int getMaxUserProperties(java.lang.String)
androidx.appcompat.widget.AppCompatToggleButton: void setFilters(android.text.InputFilter[])
androidx.appcompat.widget.AppCompatImageButton: android.graphics.PorterDuff$Mode getSupportImageTintMode()
androidx.appcompat.view.menu.ActionMenuItemView: void setTitle(java.lang.CharSequence)
androidx.recyclerview.widget.RecyclerView: void suppressLayout(boolean)
androidx.core.view.ViewCompat$Api26Impl: int getNextClusterForwardId(android.view.View)
androidx.core.app.NotificationCompat$BubbleMetadata$Api29Impl: android.app.Notification$BubbleMetadata toPlatform(androidx.core.app.NotificationCompat$BubbleMetadata)
com.google.android.material.chip.Chip: void setIconEndPaddingResource(int)
androidx.core.graphics.drawable.DrawableCompat$Api21Impl: void inflate(android.graphics.drawable.Drawable,android.content.res.Resources,org.xmlpull.v1.XmlPullParser,android.util.AttributeSet,android.content.res.Resources$Theme)
androidx.appcompat.widget.ActionBarOverlayLayout: void setWindowCallback(android.view.Window$Callback)
androidx.constraintlayout.core.widgets.analyzer.WidgetRun$RunType: androidx.constraintlayout.core.widgets.analyzer.WidgetRun$RunType[] values()
androidx.appcompat.widget.AppCompatImageView: void setImageResource(int)
androidx.constraintlayout.widget.ConstraintHelper: void setIds(java.lang.String)
com.google.android.gms.common.api.GoogleApiActivity: GoogleApiActivity()
androidx.viewpager2.widget.ViewPager2: void setOffscreenPageLimit(int)
androidx.constraintlayout.widget.ConstraintLayout: void setId(int)
androidx.core.view.ViewCompat$Api17Impl: android.view.Display getDisplay(android.view.View)
androidx.core.view.ViewCompat$Api29Impl: android.view.View$AccessibilityDelegate getAccessibilityDelegate(android.view.View)
androidx.appcompat.widget.FitWindowsLinearLayout: void setOnFitSystemWindowsListener(androidx.appcompat.widget.FitWindowsViewGroup$OnFitSystemWindowsListener)
androidx.core.view.ViewCompat$Api17Impl: int getPaddingStart(android.view.View)
com.google.android.material.textfield.TextInputLayout: java.lang.CharSequence getHelperText()
androidx.appcompat.widget.Toolbar: androidx.appcompat.widget.DecorToolbar getWrapper()
android.support.v4.graphics.drawable.IconCompatParcelizer: IconCompatParcelizer()
androidx.appcompat.widget.LinearLayoutCompat: void setBaselineAligned(boolean)
androidx.constraintlayout.widget.Barrier: int getType()
androidx.core.view.ViewCompat$Api24Impl: void dispatchFinishTemporaryDetach(android.view.View)
com.google.android.gms.internal.measurement.zzagn: com.google.android.gms.internal.measurement.zzagn[] values()
com.google.android.material.chip.Chip: void setBackgroundTintMode(android.graphics.PorterDuff$Mode)
androidx.appcompat.widget.AppCompatCheckBox: void setButtonDrawable(int)
androidx.recyclerview.widget.RecyclerView: void setScrollState(int)
androidx.appcompat.widget.AppCompatTextView: int getAutoSizeMinTextSize()
androidx.core.content.res.FontResourcesParserCompat$Api21Impl: int getType(android.content.res.TypedArray,int)
com.google.android.material.appbar.MaterialToolbar: void setSubtitleCentered(boolean)
androidx.appcompat.widget.Toolbar$Api33Impl: void tryUnregisterOnBackInvokedCallback(java.lang.Object,java.lang.Object)