android-app/app/build/outputs/mapping/release/usage.txt
com.bscs13b.offloadhpc.R$color
com.bscs13b.offloadhpc.R$drawable
com.bscs13b.offloadhpc.R$id:
    private void <init>()
com.bscs13b.offloadhpc.R$layout:
    private void <init>()
com.bscs13b.offloadhpc.R$menu:
    private void <init>()
com.bscs13b.offloadhpc.R$string
com.bscs13b.offloadhpc.R$style
com.bscs13b.offloadhpc.R
com.bscs13b.offloadhpc.compute.LocalCompute:
    public void <init>()
com.bscs13b.offloadhpc.network.MessageDispatcher:
    private static final java.lang.String TAG
    public void removeListener()
com.bscs13b.offloadhpc.network.SocketClient:
    private static final int DISCOVERY_TIMEOUT_MS
    private static final java.lang.String MULTICAST_GROUP
    private static final int MULTICAST_PORT
    private static final java.lang.String TAG
    private static final int TCP_CONNECT_TIMEOUT_MS
    public com.bscs13b.offloadhpc.network.MessageDispatcher getDispatcher()
    public void setAutoDiscovery(boolean)
com.bscs13b.offloadhpc.R$id
com.bscs13b.offloadhpc.R$layout
com.bscs13b.offloadhpc.R$menu
com.bscs13b.offloadhpc.compute.LocalCompute
com.bscs13b.offloadhpc.network.MessageDispatcher$$InternalSyntheticLambda$4$af6f6a43c95c49a836eec1a52405dac7b9d40ea4f73b4306d022ae90c093806b$0:
    public final synthetic java.lang.String f$3
com.bscs13b.offloadhpc.network.MessageDispatcher:
    public final com.google.gson.Gson gson
    public static void setListener()
com.bscs13b.offloadhpc.network.MessageListener:
    public abstract void onConnectionError(java.lang.String)
    public abstract void onJobAck()
    public abstract void onJobResult()
    public abstract void onProgressUpdate()
com.bscs13b.offloadhpc.network.SocketClient$ConnectionCallback
com.bscs13b.offloadhpc.network.SocketClient:
    public java.lang.String fallbackBrokerHost
    public boolean useAutoDiscovery
    public static void connect()
    public static void disconnect()
    public static java.lang.String getBrokerHost()
    public static int getBrokerPort()
    public static com.bscs13b.offloadhpc.network.MessageListener getListenerFromDispatcher()
    public static void setBrokerAddress()
    public static void setConnectionCallback()
    public final void setMessageListener(com.bscs13b.offloadhpc.ui.ProgressActivity)
com.bscs13b.offloadhpc.ui.MainActivity$$InternalSyntheticLambda$1$230d98509dd963992ce75018d271fe11fbd65db05dad53fa5999e1419cb7b993$0:
    public static void onConfigureTab()
com.bscs13b.offloadhpc.ui.MainActivity$1:
    public static void onConnected()
    public static void onDisconnected()
    public final void onError(java.lang.String)
com.bscs13b.offloadhpc.ui.ProgressActivity:
    public final void onJobAck()
    public final void onJobResult()
    public final void onProgressUpdate()
com.bscs13b.offloadhpc.ui.ViewPagerAdapter:
    public final androidx.fragment.app.Fragment createFragment()
...
androidx.datastore.preferences.protobuf.WireFormat$FieldType$4:
    public boolean isPackable()
androidx.datastore.preferences.protobuf.WireFormat$FieldType:
    public boolean isPackable()
androidx.datastore.preferences.protobuf.WireFormat$JavaType:
    java.lang.Object getDefaultDefault()
androidx.datastore.preferences.protobuf.WireFormat$Utf8Validation$1
androidx.datastore.preferences.protobuf.WireFormat$Utf8Validation$2
androidx.datastore.preferences.protobuf.WireFormat$Utf8Validation$3
androidx.datastore.preferences.protobuf.WireFormat$Utf8Validation
androidx.datastore.preferences.protobuf.WireFormat:
    static final int FIXED32_SIZE
    static final int FIXED64_SIZE
    static final int MAX_VARINT32_SIZE
    static final int MAX_VARINT64_SIZE
    static final int MAX_VARINT_SIZE
    static final int MESSAGE_SET_ITEM
    static final int MESSAGE_SET_MESSAGE
    static final int MESSAGE_SET_TYPE_ID
    static final int TAG_TYPE_BITS
    static final int TAG_TYPE_MASK
    public static final int WIRETYPE_END_GROUP
    public static final int WIRETYPE_FIXED32
    public static final int WIRETYPE_FIXED64
    public static final int WIRETYPE_LENGTH_DELIMITED
    public static final int WIRETYPE_START_GROUP
    public static final int WIRETYPE_VARINT
    private void <init>()
    static java.lang.Object readPrimitiveField(androidx.datastore.preferences.protobuf.CodedInputStream,androidx.datastore.preferences.protobuf.WireFormat$FieldType,androidx.datastore.preferences.protobuf.WireFormat$Utf8Validation)
androidx.datastore.preferences.protobuf.WrappersProto
androidx.datastore.preferences.protobuf.Writer:
    public abstract void writeGroup(int,java.lang.Object)
    public abstract void writeGroupList(int,java.util.List)
    public abstract void writeMessage(int,java.lang.Object)
    public abstract void writeMessageList(int,java.util.List)
androidx.documentfile.R
androidx.documentfile.provider.DocumentFile
androidx.documentfile.provider.DocumentsContractApi19
androidx.documentfile.provider.RawDocumentFile
androidx.documentfile.provider.SingleDocumentFile
androidx.documentfile.provider.TreeDocumentFile
androidx.drawerlayout.R$attr
androidx.drawerlayout.R$color
androidx.drawerlayout.R$dimen
androidx.drawerlayout.R$drawable
androidx.drawerlayout.R$id
androidx.drawerlayout.R$integer
androidx.drawerlayout.R$layout
androidx.drawerlayout.R$string
androidx.drawerlayout.R$style
androidx.drawerlayout.R$styleable
androidx.drawerlayout.R
androidx.drawerlayout.widget.DrawerLayout$1
androidx.drawerlayout.widget.DrawerLayout$2
androidx.drawerlayout.widget.DrawerLayout$AccessibilityDelegate
androidx.drawerlayout.widget.DrawerLayout$ChildAccessibilityDelegate
androidx.drawerlayout.widget.DrawerLayout$DrawerListener
androidx.drawerlayout.widget.DrawerLayout$LayoutParams
androidx.drawerlayout.widget.DrawerLayout$SavedState$1
androidx.drawerlayout.widget.DrawerLayout$SavedState
androidx.drawerlayout.widget.DrawerLayout$SimpleDrawerListener
androidx.drawerlayout.widget.DrawerLayout$ViewDragCallback$1
androidx.drawerlayout.widget.DrawerLayout$ViewDragCallback
androidx.drawerlayout.widget.DrawerLayout
androidx.dynamicanimation.R$attr
androidx.dynamicanimation.R$color
androidx.dynamicanimation.R$dimen
androidx.dynamicanimation.R$drawable
androidx.dynamicanimation.R$id
androidx.dynamicanimation.R$integer
androidx.dynamicanimation.R$layout
androidx.dynamicanimation.R$string
androidx.dynamicanimation.R$style
androidx.dynamicanimation.R$styleable
androidx.dynamicanimation.R
androidx.dynamicanimation.animation.AnimationHandler$AnimationCallbackDispatcher
androidx.dynamicanimation.animation.AnimationHandler$AnimationFrameCallback
androidx.dynamicanimation.animation.AnimationHandler$AnimationFrameCallbackProvider
androidx.dynamicanimation.animation.AnimationHandler$FrameCallbackProvider14$1
androidx.dynamicanimation.animation.AnimationHandler$FrameCallbackProvider14
androidx.dynamicanimation.animation.AnimationHandler$FrameCallbackProvider16$1